2023-08-08 16:29:34,082 aeolis.model INFO     **********************************************************
2023-08-08 16:29:34,082 aeolis.model INFO                                                               
2023-08-08 16:29:34,083 aeolis.model INFO              d8888                   888      d8b  .d8888b.   
2023-08-08 16:29:34,084 aeolis.model INFO             d88888                   888      Y8P d88P  Y88b  
2023-08-08 16:29:34,084 aeolis.model INFO            d88P888                   888          Y88b.       
2023-08-08 16:29:34,085 aeolis.model INFO           d88P 888  .d88b.   .d88b.  888      888  "Y888b.    
2023-08-08 16:29:34,085 aeolis.model INFO          d88P  888 d8P  Y8b d88""88b 888      888     "Y88b.  
2023-08-08 16:29:34,086 aeolis.model INFO         d88P   888 88888888 888  888 888      888       "888  
2023-08-08 16:29:34,087 aeolis.model INFO        d8888888888 Y8b.     Y88..88P 888      888 Y88b  d88P  
2023-08-08 16:29:34,090 aeolis.model INFO       d88P     888  "Y8888   "Y88P"  88888888 888  "Y8888P"   
2023-08-08 16:29:34,091 aeolis.model INFO                                                               
2023-08-08 16:29:34,091 aeolis.model INFO       Version:  2.1.2                                        
2023-08-08 16:29:34,092 aeolis.model INFO                                                               
2023-08-08 16:29:34,092 aeolis.model INFO     **********************************************************
2023-08-08 16:29:34,093 aeolis.model INFO     PARAMETER SETTINGS                                        
2023-08-08 16:29:34,093 aeolis.model INFO     **********************************************************
2023-08-08 16:29:34,094 aeolis.model INFO       Aa                     = 0.100000
2023-08-08 16:29:34,094 aeolis.model INFO       CFL                    = 1.00
2023-08-08 16:29:34,095 aeolis.model INFO       Cb                     = 1.70
2023-08-08 16:29:34,095 aeolis.model INFO       Cdk                    = 5.00
2023-08-08 16:29:34,096 aeolis.model INFO       Ck                     = 2.78
2023-08-08 16:29:34,096 aeolis.model INFO       Cl                     = 6.70
2023-08-08 16:29:34,097 aeolis.model INFO       Cl_gw                  = 0.700000
2023-08-08 16:29:34,097 aeolis.model INFO       D_gw                   = 12
2023-08-08 16:29:34,098 aeolis.model INFO       GW_stat                = 1
2023-08-08 16:29:34,098 aeolis.model INFO       K_gw                   = 0.000780
2023-08-08 16:29:34,099 aeolis.model INFO       L                      = 100.00
2023-08-08 16:29:34,099 aeolis.model INFO       T                      = 0.050000
2023-08-08 16:29:34,100 aeolis.model INFO       Tbedreset              = 86400.00
2023-08-08 16:29:34,100 aeolis.model INFO       Tdry                   = 7200.00
2023-08-08 16:29:34,101 aeolis.model INFO       Tsalt                  = 2592000.00
2023-08-08 16:29:34,101 aeolis.model INFO       V_lat                  = 0.000000
2023-08-08 16:29:34,102 aeolis.model INFO       V_ver                  = 5.00
2023-08-08 16:29:34,102 aeolis.model INFO       accfac                 = 1.00
2023-08-08 16:29:34,107 aeolis.model INFO       alfa                   = 0
2023-08-08 16:29:34,107 aeolis.model INFO       alfad_moist            = -0.035000
2023-08-08 16:29:34,108 aeolis.model INFO       alfaw_moist            = -0.070000
2023-08-08 16:29:34,108 aeolis.model INFO       avg_time               = 86400.00
2023-08-08 16:29:34,108 aeolis.model INFO       beach_slope            = 0.100000
2023-08-08 16:29:34,109 aeolis.model INFO       bed_file               = z_grid.txt
2023-08-08 16:29:34,109 aeolis.model INFO       bedcomp_file           = <novalue>
2023-08-08 16:29:34,110 aeolis.model INFO       beta                   = 130.00
2023-08-08 16:29:34,110 aeolis.model INFO       bi                     = 0.500000
2023-08-08 16:29:34,111 aeolis.model INFO       boundary_gw            = no_flow
2023-08-08 16:29:34,111 aeolis.model INFO       boundary_lateral       = circular
2023-08-08 16:29:34,112 aeolis.model INFO       boundary_offshore      = constant
2023-08-08 16:29:34,112 aeolis.model INFO       boundary_onshore       = constant
2023-08-08 16:29:34,113 aeolis.model INFO       buffer_width           = 20.00
2023-08-08 16:29:34,113 aeolis.model INFO       c_b                    = 0.200000
2023-08-08 16:29:34,114 aeolis.model INFO       callback               = <novalue>
2023-08-08 16:29:34,114 aeolis.model INFO       constant_offshore_flux = 0.000000
2023-08-08 16:29:34,115 aeolis.model INFO       constant_onshore_flux  = 0.000000
2023-08-08 16:29:34,115 aeolis.model INFO       cpair                  = 0.001004
2023-08-08 16:29:34,116 aeolis.model INFO       csalt                  = 0.003500
2023-08-08 16:29:34,116 aeolis.model INFO       dt                     = 0.050000
2023-08-08 16:29:34,117 aeolis.model INFO       dune_toe_elevation     = 3
2023-08-08 16:29:34,117 aeolis.model INFO       dx                     = 1.00
2023-08-08 16:29:34,118 aeolis.model INFO       dy                     = 1.00
2023-08-08 16:29:34,122 aeolis.model INFO       dzb_interval           = 86400.00
2023-08-08 16:29:34,123 aeolis.model INFO       dzb_opt                = 0.000000
2023-08-08 16:29:34,123 aeolis.model INFO       eps                    = 0.001000
2023-08-08 16:29:34,124 aeolis.model INFO       external_vars          = 
2023-08-08 16:29:34,124 aeolis.model INFO       facDOD                 = 0.100000
2023-08-08 16:29:34,125 aeolis.model INFO       fc                     = 0.110000
2023-08-08 16:29:34,125 aeolis.model INFO       fence_file             = <novalue>
2023-08-08 16:29:34,126 aeolis.model INFO       g                      = 9.81
2023-08-08 16:29:34,127 aeolis.model INFO       gamma                  = 0.500000
2023-08-08 16:29:34,127 aeolis.model INFO       gamma_vegshear         = 16.00
2023-08-08 16:29:34,128 aeolis.model INFO       germinate              = 1.00
2023-08-08 16:29:34,129 aeolis.model INFO       grain_dist             = 1.00
2023-08-08 16:29:34,129 aeolis.model INFO       grain_size             = 0.000600
2023-08-08 16:29:34,130 aeolis.model INFO       gw_mask                = <novalue>
2023-08-08 16:29:34,130 aeolis.model INFO       h                      = 1.00
2023-08-08 16:29:34,131 aeolis.model INFO       hveg_max               = 1.00
2023-08-08 16:29:34,132 aeolis.model INFO       in_gw                  = 0
2023-08-08 16:29:34,132 aeolis.model INFO       k                      = 0.010000
2023-08-08 16:29:34,133 aeolis.model INFO       kappa                  = 0.410000
2023-08-08 16:29:34,133 aeolis.model INFO       l                      = 1.00
2023-08-08 16:29:34,138 aeolis.model INFO       lateral                = 0.000000
2023-08-08 16:29:34,139 aeolis.model INFO       lateral_flux           = 0.000000
2023-08-08 16:29:34,139 aeolis.model INFO       layer_thickness        = 0.050000
2023-08-08 16:29:34,140 aeolis.model INFO       m                      = 0.500000
2023-08-08 16:29:34,141 aeolis.model INFO       max_bedlevel_change    = 999.00
2023-08-08 16:29:34,141 aeolis.model INFO       max_error              = 0.000001
2023-08-08 16:29:34,142 aeolis.model INFO       max_iter               = 1000
2023-08-08 16:29:34,142 aeolis.model INFO       max_iter_ava           = 1000
2023-08-08 16:29:34,143 aeolis.model INFO       md_moist               = 0.420000
2023-08-08 16:29:34,143 aeolis.model INFO       meteo_file             = <novalue>
2023-08-08 16:29:34,144 aeolis.model INFO       method_grainspeed      = windspeed
2023-08-08 16:29:34,144 aeolis.model INFO       method_moist           = belly_johnson
2023-08-08 16:29:34,145 aeolis.model INFO       method_moist_process   = infiltration
2023-08-08 16:29:34,145 aeolis.model INFO       method_moist_threshold = belly_johnson
2023-08-08 16:29:34,146 aeolis.model INFO       method_roughness       = constant
2023-08-08 16:29:34,146 aeolis.model INFO       method_transport       = bagnold
2023-08-08 16:29:34,147 aeolis.model INFO       mu_b                   = 20.00
2023-08-08 16:29:34,147 aeolis.model INFO       mw_moist               = 0.570000
2023-08-08 16:29:34,148 aeolis.model INFO       nd_moist               = 4.50
2023-08-08 16:29:34,148 aeolis.model INFO       ne_file                = <novalue>
2023-08-08 16:29:34,148 aeolis.model INFO       ne_gw                  = 0.300000
2023-08-08 16:29:34,149 aeolis.model INFO       nfractions             = 1
2023-08-08 16:29:34,149 aeolis.model INFO       nlayers                = 1
2023-08-08 16:29:34,153 aeolis.model INFO       nw_moist               = 2.30
2023-08-08 16:29:34,154 aeolis.model INFO       nx                     = 0
2023-08-08 16:29:34,154 aeolis.model INFO       ny                     = 0
2023-08-08 16:29:34,155 aeolis.model INFO       offshore_flux          = 0.000000
2023-08-08 16:29:34,156 aeolis.model INFO       okin_c1_fence          = 0.480000
2023-08-08 16:29:34,156 aeolis.model INFO       okin_c1_veg            = 0.480000
2023-08-08 16:29:34,157 aeolis.model INFO       okin_initialred_fence  = 0.320000
2023-08-08 16:29:34,157 aeolis.model INFO       okin_initialred_veg    = 0.320000
2023-08-08 16:29:34,158 aeolis.model INFO       onshore_flux           = 0.000000
2023-08-08 16:29:34,158 aeolis.model INFO       output_file            = C:\Users\svries\Documents\GitHub\OE_aeolis-python\examples\deVries2023\Run 3 - Fetch effects and temporal variability in supply\Run3.nc
2023-08-08 16:29:34,159 aeolis.model INFO       output_times           = 60.00
2023-08-08 16:29:34,159 aeolis.model INFO       output_types           = 
2023-08-08 16:29:34,160 aeolis.model INFO       output_vars            = uw
2023-08-08 16:29:34,160 aeolis.model INFO                                udir
2023-08-08 16:29:34,161 aeolis.model INFO                                Cu
2023-08-08 16:29:34,161 aeolis.model INFO                                Ct
2023-08-08 16:29:34,162 aeolis.model INFO                                mass
2023-08-08 16:29:34,162 aeolis.model INFO                                pickup
2023-08-08 16:29:34,163 aeolis.model INFO                                uth
2023-08-08 16:29:34,163 aeolis.model INFO                                q
2023-08-08 16:29:34,164 aeolis.model INFO                                qs
2023-08-08 16:29:34,164 aeolis.model INFO                                qn
2023-08-08 16:29:34,164 aeolis.model INFO                                zs
2023-08-08 16:29:34,164 aeolis.model INFO                                zb
2023-08-08 16:29:34,169 aeolis.model INFO       porosity               = 0.400000
2023-08-08 16:29:34,169 aeolis.model INFO       process_avalanche      = F
2023-08-08 16:29:34,170 aeolis.model INFO       process_bedupdate      = F
2023-08-08 16:29:34,170 aeolis.model INFO       process_dune_erosion   = F
2023-08-08 16:29:34,171 aeolis.model INFO       process_fences         = F
2023-08-08 16:29:34,172 aeolis.model INFO       process_groundwater    = F
2023-08-08 16:29:34,172 aeolis.model INFO       process_humidity       = F
2023-08-08 16:29:34,173 aeolis.model INFO       process_inertia        = F
2023-08-08 16:29:34,173 aeolis.model INFO       process_meteo          = F
2023-08-08 16:29:34,174 aeolis.model INFO       process_mixtoplayer    = F
2023-08-08 16:29:34,174 aeolis.model INFO       process_moist          = F
2023-08-08 16:29:34,175 aeolis.model INFO       process_runup          = F
2023-08-08 16:29:34,175 aeolis.model INFO       process_salt           = F
2023-08-08 16:29:34,176 aeolis.model INFO       process_scanning       = F
2023-08-08 16:29:34,176 aeolis.model INFO       process_seepage_face   = F
2023-08-08 16:29:34,177 aeolis.model INFO       process_separation     = F
2023-08-08 16:29:34,177 aeolis.model INFO       process_shear          = F
2023-08-08 16:29:34,178 aeolis.model INFO       process_threshold      = T
2023-08-08 16:29:34,178 aeolis.model INFO       process_tide           = T
2023-08-08 16:29:34,179 aeolis.model INFO       process_transport      = T
2023-08-08 16:29:34,179 aeolis.model INFO       process_vegetation     = F
2023-08-08 16:29:34,180 aeolis.model INFO       process_wave           = F
2023-08-08 16:29:34,180 aeolis.model INFO       process_wet_bed_reset  = F
2023-08-08 16:29:34,181 aeolis.model INFO       process_wind           = T
2023-08-08 16:29:34,184 aeolis.model INFO       refdate                = 2020-01-01
2023-08-08 16:29:34,184 aeolis.model INFO                                00:00
2023-08-08 16:29:34,185 aeolis.model INFO       resd_moist             = 0.010000
2023-08-08 16:29:34,186 aeolis.model INFO       restart                = <novalue>
2023-08-08 16:29:34,186 aeolis.model INFO       resw_moist             = 0.010000
2023-08-08 16:29:34,187 aeolis.model INFO       rhoa                   = 1.23
2023-08-08 16:29:34,188 aeolis.model INFO       rhog                   = 2650.00
2023-08-08 16:29:34,188 aeolis.model INFO       rhoveg_max             = 0.500000
2023-08-08 16:29:34,189 aeolis.model INFO       rhow                   = 1025.00
2023-08-08 16:29:34,189 aeolis.model INFO       runup_mask             = <novalue>
2023-08-08 16:29:34,190 aeolis.model INFO       satd_moist             = 0.500000
2023-08-08 16:29:34,190 aeolis.model INFO       satw_moist             = 0.350000
2023-08-08 16:29:34,191 aeolis.model INFO       scheme                 = euler_backward
2023-08-08 16:29:34,191 aeolis.model INFO       sedimentinput          = 0.000000
2023-08-08 16:29:34,192 aeolis.model INFO       sep_filter_iterations  = 0
2023-08-08 16:29:34,192 aeolis.model INFO       sigma                  = 4.20
2023-08-08 16:29:34,193 aeolis.model INFO       solver                 = pieter
2023-08-08 16:29:34,193 aeolis.model INFO       supply_file            = supply_small_file.txt
2023-08-08 16:29:34,194 aeolis.model INFO       t_veg                  = 3
2023-08-08 16:29:34,194 aeolis.model INFO       tfac_gw                = 10
2023-08-08 16:29:34,195 aeolis.model INFO       th_bedslope            = F
2023-08-08 16:29:34,195 aeolis.model INFO       th_drylayer            = F
2023-08-08 16:29:34,196 aeolis.model INFO       th_grainsize           = T
2023-08-08 16:29:34,200 aeolis.model INFO       th_humidity            = F
2023-08-08 16:29:34,200 aeolis.model INFO       th_moisture            = F
2023-08-08 16:29:34,201 aeolis.model INFO       th_nelayer             = F
2023-08-08 16:29:34,201 aeolis.model INFO       th_roughness           = F
2023-08-08 16:29:34,202 aeolis.model INFO       th_salt                = F
2023-08-08 16:29:34,202 aeolis.model INFO       th_sheltering          = F
2023-08-08 16:29:34,203 aeolis.model INFO       theta_dyn              = 33.00
2023-08-08 16:29:34,204 aeolis.model INFO       theta_stat             = 34.00
2023-08-08 16:29:34,205 aeolis.model INFO       thick_moist            = 0.002000
2023-08-08 16:29:34,206 aeolis.model INFO       threshold_file         = <novalue>
2023-08-08 16:29:34,206 aeolis.model INFO       threshold_mask         = <novalue>
2023-08-08 16:29:34,206 aeolis.model INFO       tide_file              = tide.txt
2023-08-08 16:29:34,207 aeolis.model INFO       tide_mask              = <novalue>
2023-08-08 16:29:34,207 aeolis.model INFO       tstart                 = 0
2023-08-08 16:29:34,208 aeolis.model INFO       tstop                  = 89400
2023-08-08 16:29:34,208 aeolis.model INFO       v                      = 0.000015
2023-08-08 16:29:34,209 aeolis.model INFO       v_gam                  = 1
2023-08-08 16:29:34,209 aeolis.model INFO       veg_file               = <novalue>
2023-08-08 16:29:34,210 aeolis.model INFO       veg_gamma              = 1.00
2023-08-08 16:29:34,210 aeolis.model INFO       veg_min_elevation      = -10.000000
2023-08-08 16:29:34,211 aeolis.model INFO       veg_sigma              = 0.800000
2023-08-08 16:29:34,211 aeolis.model INFO       veggrowth_type         = orig
2023-08-08 16:29:34,214 aeolis.model INFO       vegshear_type          = raupach
2023-08-08 16:29:34,215 aeolis.model INFO       visualization          = F
2023-08-08 16:29:34,215 aeolis.model INFO       w1_5                   = 0.020000
2023-08-08 16:29:34,216 aeolis.model INFO       wave_file              = <novalue>
2023-08-08 16:29:34,216 aeolis.model INFO       wave_mask              = <novalue>
2023-08-08 16:29:34,217 aeolis.model INFO       wind_convention        = cartesian
2023-08-08 16:29:34,217 aeolis.model INFO       wind_file              = wind.txt
2023-08-08 16:29:34,218 aeolis.model INFO       xgrid_file             = x_grid.txt
2023-08-08 16:29:34,219 aeolis.model INFO       xi                     = 0.300000
2023-08-08 16:29:34,219 aeolis.model INFO       ygrid_file             = y_grid.txt
2023-08-08 16:29:34,220 aeolis.model INFO       z                      = 1.00
2023-08-08 16:29:34,220 aeolis.model INFO       zsep_y_filter          = F
2023-08-08 16:29:34,221 aeolis.model INFO     **********************************************************
2023-08-08 16:29:34,221 aeolis.model INFO     
2023-08-08 16:29:34,367 aeolis.model INFO             Time elapsed / Total time / Time remaining / Average Timestep
2023-08-08 16:29:34,367 aeolis.model INFO     000.0%       0:00:00 /   22:47:07 /       22:47:07 / 0.1
2023-08-08 16:30:34,373 aeolis.model INFO     000.4%       0:01:00 /    3:50:31 /        3:49:31 / 0.1
2023-08-08 16:31:34,375 aeolis.model INFO     000.9%       0:02:00 /    3:43:34 /        3:41:34 / 0.1
2023-08-08 16:31:48,252 aeolis.model INFO     001.0%       0:02:14 /    3:43:12 /        3:40:58 / 0.1
2023-08-08 16:32:48,254 aeolis.model INFO     001.4%       0:03:14 /    3:47:06 /        3:43:52 / 0.1
2023-08-08 16:33:48,257 aeolis.model INFO     001.9%       0:04:14 /    3:44:16 /        3:40:03 / 0.1
2023-08-08 16:34:02,208 aeolis.model INFO     002.0%       0:04:28 /    3:43:14 /        3:38:46 / 0.1
2023-08-08 16:35:02,215 aeolis.model INFO     002.5%       0:05:28 /    3:42:53 /        3:37:25 / 0.1
2023-08-08 16:36:02,221 aeolis.model INFO     002.9%       0:06:28 /    3:42:32 /        3:36:04 / 0.1
2023-08-08 16:36:14,406 aeolis.model INFO     003.0%       0:06:40 /    3:42:16 /        3:35:36 / 0.1
2023-08-08 16:37:14,412 aeolis.model INFO     003.5%       0:07:40 /    3:40:23 /        3:32:43 / 0.1
2023-08-08 16:38:14,417 aeolis.model INFO     003.9%       0:08:40 /    3:40:14 /        3:31:34 / 0.1
2023-08-08 16:38:23,127 aeolis.model INFO     004.0%       0:08:49 /    3:40:20 /        3:31:31 / 0.0
2023-08-08 16:39:23,135 aeolis.model INFO     004.4%       0:09:49 /    3:43:14 /        3:33:25 / 0.1
2023-08-08 16:40:23,141 aeolis.model INFO     004.8%       0:10:49 /    3:46:31 /        3:35:42 / 0.1
2023-08-08 16:40:54,156 aeolis.model INFO     005.0%       0:11:20 /    3:46:37 /        3:35:17 / 0.1
2023-08-08 16:41:54,161 aeolis.model INFO     005.4%       0:12:20 /    3:48:26 /        3:36:06 / 0.1
2023-08-08 16:45:10,766 aeolis.model INFO     005.8%       0:15:36 /    4:27:12 /        4:11:36 / 0.1
2023-08-08 16:45:32,563 aeolis.model INFO     006.0%       0:15:58 /    4:26:11 /        4:10:12 / 0.0
2023-08-08 16:46:32,570 aeolis.model INFO     006.5%       0:16:58 /    4:22:36 /        4:05:38 / 0.1
2023-08-08 16:47:32,574 aeolis.model INFO     006.9%       0:17:58 /    4:19:22 /        4:01:24 / 0.1
2023-08-08 16:47:41,499 aeolis.model INFO     007.0%       0:18:07 /    4:18:51 /        4:00:44 / 0.0
2023-08-08 16:48:41,505 aeolis.model INFO     007.4%       0:19:07 /    4:16:39 /        3:57:32 / 0.1
2023-08-08 16:49:41,513 aeolis.model INFO     007.9%       0:20:07 /    4:14:45 /        3:54:37 / 0.1
2023-08-08 16:49:54,594 aeolis.model INFO     008.0%       0:20:20 /    4:14:13 /        3:53:53 / 0.1
2023-08-08 16:50:54,600 aeolis.model INFO     008.4%       0:21:20 /    4:12:35 /        3:51:15 / 0.1
2023-08-08 16:51:54,606 aeolis.model INFO     008.9%       0:22:20 /    4:11:34 /        3:49:14 / 0.1
2023-08-08 16:52:09,780 aeolis.model INFO     009.0%       0:22:35 /    4:11:01 /        3:48:25 / 0.0
2023-08-08 16:53:09,787 aeolis.model INFO     009.4%       0:23:35 /    4:10:18 /        3:46:43 / 0.1
2023-08-08 16:54:09,790 aeolis.model INFO     009.8%       0:24:35 /    4:09:40 /        3:45:04 / 0.1
2023-08-08 16:54:37,326 aeolis.model INFO     010.0%       0:25:03 /    4:10:30 /        3:45:27 / 0.0
2023-08-08 16:55:37,334 aeolis.model INFO     010.5%       0:26:03 /    4:09:13 /        3:43:10 / 0.1
2023-08-08 16:56:37,347 aeolis.model INFO     010.9%       0:27:03 /    4:07:38 /        3:40:35 / 0.1
2023-08-08 16:56:47,827 aeolis.model INFO     011.0%       0:27:14 /    4:07:30 /        3:40:16 / 0.0
2023-08-08 17:22:07,506 aeolis.model INFO     011.2%       0:52:33 /    7:49:35 /        6:57:02 / 0.1
2023-08-08 17:23:07,511 aeolis.model INFO     011.6%       0:53:33 /    7:43:01 /        6:49:28 / 0.0
2023-08-08 17:23:54,656 aeolis.model INFO     012.0%       0:54:20 /    7:32:49 /        6:38:29 / 0.1
2023-08-08 17:24:54,663 aeolis.model INFO     012.5%       0:55:20 /    7:21:27 /        6:26:06 / 0.1
2023-08-08 17:25:49,155 aeolis.model INFO     013.0%       0:56:15 /    7:12:40 /        6:16:25 / 0.1
2023-08-08 17:26:49,160 aeolis.model INFO     013.5%       0:57:15 /    7:04:36 /        6:07:21 / 0.1
2023-08-08 17:27:49,164 aeolis.model INFO     013.9%       0:58:15 /    6:57:54 /        5:59:39 / 0.1
2023-08-08 17:27:56,682 aeolis.model INFO     014.0%       0:58:22 /    6:56:57 /        5:58:34 / 0.0
2023-08-08 17:28:56,689 aeolis.model INFO     014.5%       0:59:22 /    6:49:49 /        5:50:27 / 0.1
2023-08-08 17:29:56,693 aeolis.model INFO     015.0%       1:00:22 /    6:43:03 /        5:42:41 / 0.1
2023-08-08 17:29:59,258 aeolis.model INFO     015.0%       1:00:25 /    6:42:46 /        5:42:21 / 0.0
2023-08-08 17:30:59,262 aeolis.model INFO     015.5%       1:01:25 /    6:36:45 /        5:35:20 / 0.1
2023-08-08 17:31:59,270 aeolis.model INFO     015.9%       1:02:25 /    6:31:20 /        5:28:55 / 0.1
2023-08-08 17:32:05,703 aeolis.model INFO     016.0%       1:02:31 /    6:30:46 /        5:28:15 / 0.1
2023-08-08 17:33:05,710 aeolis.model INFO     016.5%       1:03:31 /    6:25:48 /        5:22:17 / 0.1
2023-08-08 17:34:05,715 aeolis.model INFO     016.9%       1:04:31 /    6:21:02 /        5:16:30 / 0.1
2023-08-08 17:34:14,415 aeolis.model INFO     017.0%       1:04:40 /    6:20:24 /        5:15:44 / 0.0
2023-08-08 17:35:14,418 aeolis.model INFO     017.5%       1:05:40 /    6:16:02 /        5:10:22 / 0.1
2023-08-08 17:36:14,427 aeolis.model INFO     017.9%       1:06:40 /    6:11:52 /        5:05:12 / 0.1
2023-08-08 17:36:23,902 aeolis.model INFO     018.0%       1:06:50 /    6:11:15 /        5:04:26 / 0.0
2023-08-08 17:37:23,906 aeolis.model INFO     018.5%       1:07:50 /    6:07:20 /        4:59:31 / 0.1
2023-08-08 17:38:23,911 aeolis.model INFO     018.9%       1:08:50 /    6:03:39 /        4:54:50 / 0.1
2023-08-08 17:38:33,370 aeolis.model INFO     019.0%       1:08:59 /    6:03:04 /        4:54:05 / 0.1
2023-08-08 17:39:33,376 aeolis.model INFO     019.5%       1:09:59 /    5:59:34 /        4:49:35 / 0.1
2023-08-08 17:40:33,380 aeolis.model INFO     019.9%       1:10:59 /    5:56:11 /        4:45:12 / 0.1
2023-08-08 17:40:42,442 aeolis.model INFO     020.0%       1:11:08 /    5:55:41 /        4:44:32 / 0.0
2023-08-08 17:41:42,445 aeolis.model INFO     020.5%       1:12:08 /    5:52:29 /        4:40:21 / 0.1
2023-08-08 17:42:42,452 aeolis.model INFO     020.9%       1:13:08 /    5:49:26 /        4:36:18 / 0.1
2023-08-08 17:42:51,371 aeolis.model INFO     021.0%       1:13:17 /    5:48:58 /        4:35:41 / 0.0
2023-08-08 17:43:51,373 aeolis.model INFO     021.5%       1:14:17 /    5:46:01 /        4:31:44 / 0.1
2023-08-08 17:44:51,378 aeolis.model INFO     021.9%       1:15:17 /    5:43:12 /        4:27:55 / 0.1
2023-08-08 17:44:59,459 aeolis.model INFO     022.0%       1:15:25 /    5:42:49 /        4:27:24 / 0.0
2023-08-08 17:45:59,464 aeolis.model INFO     022.5%       1:16:25 /    5:40:18 /        4:23:53 / 0.1
2023-08-08 17:46:59,469 aeolis.model INFO     022.9%       1:17:25 /    5:37:47 /        4:20:22 / 0.1
2023-08-08 17:47:09,705 aeolis.model INFO     023.0%       1:17:35 /    5:37:21 /        4:19:45 / 0.0
2023-08-08 17:48:09,714 aeolis.model INFO     023.5%       1:18:35 /    5:34:52 /        4:16:17 / 0.1
2023-08-08 17:49:09,719 aeolis.model INFO     023.9%       1:19:35 /    5:32:31 /        4:12:56 / 0.1
2023-08-08 17:49:18,047 aeolis.model INFO     024.0%       1:19:44 /    5:32:12 /        4:12:28 / 0.0
2023-08-08 17:50:18,051 aeolis.model INFO     024.5%       1:20:44 /    5:29:57 /        4:09:13 / 0.1
2023-08-08 17:51:18,054 aeolis.model INFO     024.9%       1:21:44 /    5:28:11 /        4:06:27 / 0.1
2023-08-08 17:51:31,738 aeolis.model INFO     025.0%       1:21:57 /    5:27:50 /        4:05:52 / 0.1
2023-08-08 17:52:31,741 aeolis.model INFO     025.5%       1:22:57 /    5:25:36 /        4:02:38 / 0.1
2023-08-08 17:53:31,743 aeolis.model INFO     026.0%       1:23:57 /    5:23:25 /        3:59:27 / 0.1
2023-08-08 17:53:36,675 aeolis.model INFO     026.0%       1:24:02 /    5:23:14 /        3:59:11 / 0.1
2023-08-08 17:54:36,677 aeolis.model INFO     026.5%       1:25:02 /    5:21:05 /        3:56:02 / 0.1
2023-08-08 17:55:36,680 aeolis.model INFO     027.0%       1:26:02 /    5:19:03 /        3:53:00 / 0.1
2023-08-08 17:55:40,665 aeolis.model INFO     027.0%       1:26:06 /    5:18:55 /        3:52:48 / 0.0
2023-08-08 17:56:40,669 aeolis.model INFO     027.5%       1:27:06 /    5:16:57 /        3:49:50 / 0.1
2023-08-08 17:57:40,676 aeolis.model INFO     028.0%       1:28:06 /    5:15:02 /        3:46:55 / 0.1
2023-08-08 17:57:44,614 aeolis.model INFO     028.0%       1:28:10 /    5:14:54 /        3:46:44 / 0.0
2023-08-08 17:58:44,620 aeolis.model INFO     028.5%       1:29:10 /    5:13:04 /        3:43:54 / 0.1
2023-08-08 17:59:44,629 aeolis.model INFO     029.0%       1:30:10 /    5:11:18 /        3:41:08 / 0.1
2023-08-08 17:59:48,870 aeolis.model INFO     029.0%       1:30:15 /    5:11:11 /        3:40:56 / 0.0
2023-08-08 18:00:48,874 aeolis.model INFO     029.5%       1:31:15 /    5:09:35 /        3:38:20 / 0.1
2023-08-08 18:01:48,890 aeolis.model INFO     030.0%       1:32:15 /    5:07:58 /        3:35:44 / 0.1
2023-08-08 18:01:54,898 aeolis.model INFO     030.0%       1:32:21 /    5:07:49 /        3:35:28 / 0.1
2023-08-08 18:02:54,903 aeolis.model INFO     030.5%       1:33:21 /    5:06:12 /        3:32:52 / 0.1
2023-08-08 18:03:54,911 aeolis.model INFO     031.0%       1:34:21 /    5:04:38 /        3:30:18 / 0.1
2023-08-08 18:03:58,704 aeolis.model INFO     031.0%       1:34:24 /    5:04:32 /        3:30:08 / 0.0
2023-08-08 18:04:58,708 aeolis.model INFO     031.5%       1:35:24 /    5:03:01 /        3:27:36 / 0.1
2023-08-08 18:05:58,712 aeolis.model INFO     032.0%       1:36:24 /    5:01:33 /        3:25:08 / 0.1
2023-08-08 18:06:02,249 aeolis.model INFO     032.0%       1:36:28 /    5:01:27 /        3:24:59 / 0.1
2023-08-08 18:07:02,254 aeolis.model INFO     032.5%       1:37:28 /    5:00:03 /        3:22:35 / 0.1
2023-08-08 18:08:02,257 aeolis.model INFO     033.0%       1:38:28 /    4:58:49 /        3:20:21 / 0.1
2023-08-08 18:08:08,589 aeolis.model INFO     033.0%       1:38:34 /    4:58:42 /        3:20:08 / 0.1
2023-08-08 18:09:08,596 aeolis.model INFO     033.5%       1:39:34 /    4:57:23 /        3:17:49 / 0.1
2023-08-08 18:10:08,598 aeolis.model INFO     034.0%       1:40:34 /    4:56:06 /        3:15:31 / 0.1
2023-08-08 18:10:12,802 aeolis.model INFO     034.0%       1:40:38 /    4:56:00 /        3:15:22 / 0.0
2023-08-08 18:11:12,814 aeolis.model INFO     034.5%       1:41:38 /    4:54:46 /        3:13:07 / 0.1
2023-08-08 18:12:12,817 aeolis.model INFO     035.0%       1:42:38 /    4:53:33 /        3:10:54 / 0.1
2023-08-08 18:12:17,006 aeolis.model INFO     035.0%       1:42:43 /    4:53:28 /        3:10:45 / 0.0
2023-08-08 18:13:17,013 aeolis.model INFO     035.5%       1:43:43 /    4:52:17 /        3:08:34 / 0.1
2023-08-08 18:14:17,015 aeolis.model INFO     036.0%       1:44:43 /    4:51:07 /        3:06:25 / 0.1
2023-08-08 18:14:20,944 aeolis.model INFO     036.0%       1:44:47 /    4:51:03 /        3:06:16 / 0.0
2023-08-08 18:15:20,948 aeolis.model INFO     036.5%       1:45:47 /    4:49:59 /        3:04:12 / 0.1
2023-08-08 18:16:20,954 aeolis.model INFO     037.0%       1:46:47 /    4:48:52 /        3:02:05 / 0.1
2023-08-08 18:16:25,081 aeolis.model INFO     037.0%       1:46:51 /    4:48:46 /        3:01:56 / 0.0
2023-08-08 18:17:25,089 aeolis.model INFO     037.5%       1:47:51 /    4:47:40 /        2:59:50 / 0.1
2023-08-08 18:18:25,094 aeolis.model INFO     038.0%       1:48:51 /    4:46:36 /        2:57:45 / 0.1
2023-08-08 18:18:27,762 aeolis.model INFO     038.0%       1:48:53 /    4:46:33 /        2:57:40 / 0.0
2023-08-08 18:19:27,763 aeolis.model INFO     038.5%       1:49:53 /    4:45:28 /        2:55:35 / 0.1
2023-08-08 18:20:27,771 aeolis.model INFO     039.0%       1:50:53 /    4:44:22 /        2:53:29 / 0.1
2023-08-08 18:20:28,450 aeolis.model INFO     039.0%       1:50:54 /    4:44:22 /        2:53:28 / 0.0
2023-08-08 18:21:28,455 aeolis.model INFO     039.5%       1:51:54 /    4:43:17 /        2:51:23 / 0.1
2023-08-08 18:22:28,461 aeolis.model INFO     040.0%       1:52:54 /    4:42:20 /        2:49:26 / 0.1
2023-08-08 18:22:29,767 aeolis.model INFO     040.0%       1:52:55 /    4:42:19 /        2:49:23 / 0.0
2023-08-08 18:23:29,771 aeolis.model INFO     040.5%       1:53:55 /    4:41:27 /        2:47:32 / 0.1
2023-08-08 18:24:29,773 aeolis.model INFO     040.9%       1:54:55 /    4:40:46 /        2:45:50 / 0.1
2023-08-08 18:24:38,028 aeolis.model INFO     041.0%       1:55:04 /    4:40:38 /        2:45:35 / 0.0
2023-08-08 18:25:38,035 aeolis.model INFO     041.5%       1:56:04 /    4:39:43 /        2:43:39 / 0.1
2023-08-08 18:26:38,043 aeolis.model INFO     042.0%       1:57:04 /    4:38:50 /        2:41:47 / 0.1
2023-08-08 18:26:40,270 aeolis.model INFO     042.0%       1:57:06 /    4:38:48 /        2:41:42 / 0.0
2023-08-08 18:27:40,271 aeolis.model INFO     042.5%       1:58:06 /    4:37:59 /        2:39:54 / 0.1
2023-08-08 18:28:40,275 aeolis.model INFO     043.0%       1:59:06 /    4:37:14 /        2:38:08 / 0.1
2023-08-08 18:28:45,449 aeolis.model INFO     043.0%       1:59:11 /    4:37:11 /        2:37:59 / 0.0
2023-08-08 18:29:45,455 aeolis.model INFO     043.5%       2:00:11 /    4:36:24 /        2:36:13 / 0.1
2023-08-08 18:30:45,456 aeolis.model INFO     044.0%       2:01:11 /    4:35:38 /        2:34:27 / 0.1
2023-08-08 18:30:49,766 aeolis.model INFO     044.0%       2:01:15 /    4:35:35 /        2:34:20 / 0.0
2023-08-08 18:31:49,766 aeolis.model INFO     044.5%       2:02:15 /    4:34:51 /        2:32:36 / 0.1
2023-08-08 18:32:49,769 aeolis.model INFO     045.0%       2:03:15 /    4:34:07 /        2:30:52 / 0.1
2023-08-08 18:32:54,189 aeolis.model INFO     045.0%       2:03:20 /    4:34:04 /        2:30:44 / 0.0
2023-08-08 18:33:54,196 aeolis.model INFO     045.5%       2:04:20 /    4:33:18 /        2:28:58 / 0.1
2023-08-08 18:34:54,205 aeolis.model INFO     046.0%       2:05:20 /    4:32:31 /        2:27:11 / 0.1
2023-08-08 18:34:55,293 aeolis.model INFO     046.0%       2:05:21 /    4:32:30 /        2:27:09 / 0.0
2023-08-08 18:35:55,301 aeolis.model INFO     046.5%       2:06:21 /    4:31:48 /        2:25:27 / 0.1
2023-08-08 18:36:55,303 aeolis.model INFO     047.0%       2:07:21 /    4:31:05 /        2:23:44 / 0.1
2023-08-08 18:36:57,929 aeolis.model INFO     047.0%       2:07:24 /    4:31:03 /        2:23:39 / 0.0
2023-08-08 18:37:57,933 aeolis.model INFO     047.5%       2:08:24 /    4:30:18 /        2:21:54 / 0.1
2023-08-08 18:38:57,936 aeolis.model INFO     048.0%       2:09:24 /    4:29:36 /        2:20:13 / 0.1
2023-08-08 18:38:58,688 aeolis.model INFO     048.0%       2:09:24 /    4:29:36 /        2:20:11 / 0.0
2023-08-08 18:39:58,693 aeolis.model INFO     048.5%       2:10:24 /    4:28:57 /        2:18:33 / 0.1
2023-08-08 18:40:58,698 aeolis.model INFO     048.9%       2:11:24 /    4:28:34 /        2:17:09 / 0.1
2023-08-08 18:41:09,759 aeolis.model INFO     049.0%       2:11:35 /    4:28:33 /        2:16:58 / 0.0
2023-08-08 18:42:09,765 aeolis.model INFO     049.4%       2:12:35 /    4:28:37 /        2:16:01 / 0.1
2023-08-08 18:43:09,768 aeolis.model INFO     049.7%       2:13:35 /    4:28:33 /        2:14:58 / 0.1
2023-08-08 18:43:51,860 aeolis.model INFO     050.0%       2:14:18 /    4:28:35 /        2:14:18 / 0.1
2023-08-08 18:44:51,870 aeolis.model INFO     050.5%       2:15:18 /    4:28:05 /        2:12:47 / 0.1
2023-08-08 18:45:51,877 aeolis.model INFO     050.9%       2:16:18 /    4:27:45 /        2:11:27 / 0.1
2023-08-08 18:46:05,107 aeolis.model INFO     051.0%       2:16:31 /    4:27:40 /        2:11:10 / 0.1
2023-08-08 18:47:05,116 aeolis.model INFO     051.4%       2:17:31 /    4:27:17 /        2:09:46 / 0.1
2023-08-08 18:48:05,129 aeolis.model INFO     051.9%       2:18:31 /    4:26:47 /        2:08:16 / 0.1
2023-08-08 18:48:14,853 aeolis.model INFO     052.0%       2:18:41 /    4:26:41 /        2:08:00 / 0.1
2023-08-08 18:49:14,860 aeolis.model INFO     052.4%       2:19:41 /    4:26:20 /        2:06:39 / 0.1
2023-08-08 18:50:14,862 aeolis.model INFO     052.9%       2:20:41 /    4:25:48 /        2:05:08 / 0.1
2023-08-08 18:50:24,342 aeolis.model INFO     053.0%       2:20:50 /    4:25:43 /        2:04:53 / 0.0
2023-08-08 18:51:24,344 aeolis.model INFO     053.5%       2:21:50 /    4:25:10 /        2:03:20 / 0.1
2023-08-08 18:52:24,351 aeolis.model INFO     053.9%       2:22:50 /    4:24:50 /        2:02:00 / 0.1
2023-08-08 18:52:33,356 aeolis.model INFO     054.0%       2:22:59 /    4:24:47 /        2:01:48 / 0.0
2023-08-08 18:53:33,362 aeolis.model INFO     054.5%       2:23:59 /    4:24:19 /        2:00:20 / 0.1
2023-08-08 18:54:33,371 aeolis.model INFO     055.0%       2:24:59 /    4:23:50 /        1:58:51 / 0.1
2023-08-08 18:54:38,785 aeolis.model INFO     055.0%       2:25:04 /    4:23:46 /        1:58:42 / 0.1
2023-08-08 18:55:38,787 aeolis.model INFO     055.5%       2:26:04 /    4:23:16 /        1:57:12 / 0.1
2023-08-08 18:56:38,791 aeolis.model INFO     056.0%       2:27:04 /    4:22:47 /        1:55:43 / 0.1
2023-08-08 18:56:42,893 aeolis.model INFO     056.0%       2:27:09 /    4:22:45 /        1:55:37 / 0.0
2023-08-08 18:57:42,900 aeolis.model INFO     056.5%       2:28:09 /    4:22:17 /        1:54:08 / 0.1
2023-08-08 18:58:42,904 aeolis.model INFO     057.0%       2:29:09 /    4:21:48 /        1:52:40 / 0.1
2023-08-08 18:58:46,901 aeolis.model INFO     057.0%       2:29:13 /    4:21:46 /        1:52:34 / 0.0
2023-08-08 18:59:46,909 aeolis.model INFO     057.5%       2:30:13 /    4:21:20 /        1:51:07 / 0.1
2023-08-08 19:00:46,911 aeolis.model INFO     058.0%       2:31:13 /    4:20:53 /        1:49:41 / 0.1
2023-08-08 19:00:51,893 aeolis.model INFO     058.0%       2:31:18 /    4:20:51 /        1:49:33 / 0.0
2023-08-08 19:01:51,907 aeolis.model INFO     058.5%       2:32:18 /    4:20:26 /        1:48:08 / 0.1
2023-08-08 19:02:51,914 aeolis.model INFO     059.0%       2:33:18 /    4:20:00 /        1:46:43 / 0.1
2023-08-08 19:02:57,024 aeolis.model INFO     059.0%       2:33:23 /    4:19:58 /        1:46:35 / 0.1
2023-08-08 19:03:57,028 aeolis.model INFO     059.5%       2:34:23 /    4:19:33 /        1:45:10 / 0.1
2023-08-08 19:04:57,035 aeolis.model INFO     060.0%       2:35:23 /    4:19:08 /        1:43:45 / 0.1
2023-08-08 19:05:01,788 aeolis.model INFO     060.0%       2:35:27 /    4:19:06 /        1:43:38 / 0.0
2023-08-08 19:06:01,789 aeolis.model INFO     060.5%       2:36:27 /    4:18:41 /        1:42:13 / 0.1
2023-08-08 19:07:01,797 aeolis.model INFO     061.0%       2:37:27 /    4:18:17 /        1:40:49 / 0.1
2023-08-08 19:07:06,268 aeolis.model INFO     061.0%       2:37:32 /    4:18:15 /        1:40:43 / 0.0
2023-08-08 19:08:06,273 aeolis.model INFO     061.5%       2:38:32 /    4:17:51 /        1:39:19 / 0.1
2023-08-08 19:09:06,278 aeolis.model INFO     062.0%       2:39:32 /    4:17:27 /        1:37:55 / 0.1
2023-08-08 19:09:10,738 aeolis.model INFO     062.0%       2:39:36 /    4:17:26 /        1:37:49 / 0.0
2023-08-08 19:10:10,740 aeolis.model INFO     062.5%       2:40:36 /    4:17:03 /        1:36:26 / 0.1
2023-08-08 19:11:10,751 aeolis.model INFO     063.0%       2:41:36 /    4:16:41 /        1:35:04 / 0.1
2023-08-08 19:11:15,592 aeolis.model INFO     063.0%       2:41:41 /    4:16:39 /        1:34:58 / 0.0
2023-08-08 19:12:15,599 aeolis.model INFO     063.5%       2:42:41 /    4:16:17 /        1:33:36 / 0.1
2023-08-08 19:13:15,606 aeolis.model INFO     064.0%       2:43:41 /    4:15:56 /        1:32:15 / 0.1
2023-08-08 19:13:20,788 aeolis.model INFO     064.0%       2:43:46 /    4:15:54 /        1:32:07 / 0.1
2023-08-08 19:14:20,792 aeolis.model INFO     064.5%       2:44:46 /    4:15:32 /        1:30:46 / 0.1
2023-08-08 19:15:20,794 aeolis.model INFO     065.0%       2:45:46 /    4:15:11 /        1:29:25 / 0.1
2023-08-08 19:15:25,449 aeolis.model INFO     065.0%       2:45:51 /    4:15:09 /        1:29:18 / 0.0
2023-08-08 19:16:25,452 aeolis.model INFO     065.5%       2:46:51 /    4:14:49 /        1:27:58 / 0.1
2023-08-08 19:17:25,456 aeolis.model INFO     066.0%       2:47:51 /    4:14:28 /        1:26:37 / 0.1
2023-08-08 19:17:30,481 aeolis.model INFO     066.0%       2:47:56 /    4:14:27 /        1:26:31 / 0.1
2023-08-08 19:18:30,487 aeolis.model INFO     066.5%       2:48:56 /    4:14:07 /        1:25:11 / 0.1
2023-08-08 19:19:30,492 aeolis.model INFO     067.0%       2:49:56 /    4:13:48 /        1:23:51 / 0.1
2023-08-08 19:19:35,590 aeolis.model INFO     067.0%       2:50:01 /    4:13:46 /        1:23:45 / 0.0
2023-08-08 19:20:35,598 aeolis.model INFO     067.5%       2:51:01 /    4:13:27 /        1:22:26 / 0.1
2023-08-08 19:21:35,604 aeolis.model INFO     068.0%       2:52:01 /    4:13:06 /        1:21:05 / 0.1
2023-08-08 19:21:39,794 aeolis.model INFO     068.0%       2:52:05 /    4:13:05 /        1:20:59 / 0.0
2023-08-08 19:22:39,796 aeolis.model INFO     068.5%       2:53:05 /    4:12:47 /        1:19:42 / 0.1
2023-08-08 19:23:39,803 aeolis.model INFO     069.0%       2:54:05 /    4:12:26 /        1:18:21 / 0.1
2023-08-08 19:23:44,099 aeolis.model INFO     069.0%       2:54:10 /    4:12:25 /        1:18:15 / 0.0
2023-08-08 19:24:44,101 aeolis.model INFO     069.5%       2:55:10 /    4:12:07 /        1:16:57 / 0.1
2023-08-08 19:25:44,104 aeolis.model INFO     070.0%       2:56:10 /    4:11:49 /        1:15:39 / 0.1
2023-08-08 19:25:49,418 aeolis.model INFO     070.0%       2:56:15 /    4:11:47 /        1:15:32 / 0.0
2023-08-08 19:26:49,422 aeolis.model INFO     070.5%       2:57:15 /    4:11:29 /        1:14:14 / 0.1
2023-08-08 19:27:49,429 aeolis.model INFO     071.0%       2:58:15 /    4:11:10 /        1:12:55 / 0.1
2023-08-08 19:27:53,311 aeolis.model INFO     071.0%       2:58:19 /    4:11:09 /        1:12:50 / 0.0
2023-08-08 19:28:53,316 aeolis.model INFO     071.5%       2:59:19 /    4:10:51 /        1:11:32 / 0.1
2023-08-08 19:29:53,324 aeolis.model INFO     072.0%       3:00:19 /    4:10:31 /        1:10:12 / 0.1
2023-08-08 19:29:55,881 aeolis.model INFO     072.0%       3:00:22 /    4:10:30 /        1:10:08 / 0.0
2023-08-08 19:30:55,887 aeolis.model INFO     072.5%       3:01:22 /    4:10:09 /        1:08:48 / 0.1
2023-08-08 19:31:55,892 aeolis.model INFO     073.0%       3:02:22 /    4:09:51 /        1:07:29 / 0.1
2023-08-08 19:31:57,377 aeolis.model INFO     073.0%       3:02:23 /    4:09:50 /        1:07:27 / 0.0
2023-08-08 19:32:57,383 aeolis.model INFO     073.5%       3:03:23 /    4:09:34 /        1:06:11 / 0.1
2023-08-08 19:33:57,390 aeolis.model INFO     074.0%       3:04:23 /    4:09:17 /        1:04:54 / 0.1
2023-08-08 19:34:01,781 aeolis.model INFO     074.0%       3:04:27 /    4:09:16 /        1:04:49 / 0.0
2023-08-08 19:35:01,786 aeolis.model INFO     074.5%       3:05:27 /    4:08:56 /        1:03:29 / 0.1
2023-08-08 19:36:01,791 aeolis.model INFO     075.0%       3:06:27 /    4:08:40 /        1:02:12 / 0.1
2023-08-08 19:36:03,663 aeolis.model INFO     075.0%       3:06:29 /    4:08:39 /        1:02:10 / 0.0
2023-08-08 19:37:03,664 aeolis.model INFO     075.5%       3:07:29 /    4:08:24 /        1:00:55 / 0.1
2023-08-08 19:38:03,670 aeolis.model INFO     076.0%       3:08:29 /    4:08:08 /        0:59:39 / 0.1
2023-08-08 19:38:08,535 aeolis.model INFO     076.0%       3:08:34 /    4:08:07 /        0:59:33 / 0.0
2023-08-08 19:39:08,541 aeolis.model INFO     076.5%       3:09:34 /    4:07:50 /        0:58:16 / 0.1
2023-08-08 19:40:08,544 aeolis.model INFO     077.0%       3:10:34 /    4:07:39 /        0:57:04 / 0.1
2023-08-08 19:40:14,610 aeolis.model INFO     077.0%       3:10:40 /    4:07:38 /        0:56:57 / 0.1
2023-08-08 19:41:14,614 aeolis.model INFO     077.5%       3:11:40 /    4:07:21 /        0:55:41 / 0.1
2023-08-08 19:42:14,622 aeolis.model INFO     077.9%       3:12:40 /    4:07:13 /        0:54:33 / 0.1
2023-08-08 19:42:28,319 aeolis.model INFO     078.0%       3:12:54 /    4:07:18 /        0:54:24 / 0.0
2023-08-08 19:43:28,319 aeolis.model INFO     078.4%       3:13:54 /    4:07:20 /        0:53:26 / 0.1
2023-08-08 19:44:28,329 aeolis.model INFO     078.8%       3:14:54 /    4:07:18 /        0:52:24 / 0.1
2023-08-08 19:44:52,387 aeolis.model INFO     079.0%       3:15:18 /    4:07:13 /        0:51:55 / 0.1
2023-08-08 19:45:52,391 aeolis.model INFO     079.5%       3:16:18 /    4:07:01 /        0:50:43 / 0.1
2023-08-08 19:46:52,393 aeolis.model INFO     079.9%       3:17:18 /    4:06:48 /        0:49:30 / 0.1
2023-08-08 19:46:59,611 aeolis.model INFO     080.0%       3:17:25 /    4:06:47 /        0:49:21 / 0.1
2023-08-08 19:47:59,614 aeolis.model INFO     080.5%       3:18:25 /    4:06:35 /        0:48:09 / 0.1
2023-08-08 19:48:59,616 aeolis.model INFO     080.9%       3:19:25 /    4:06:27 /        0:47:02 / 0.1
2023-08-08 19:49:10,184 aeolis.model INFO     081.0%       3:19:36 /    4:06:25 /        0:46:49 / 0.0
2023-08-08 19:50:10,195 aeolis.model INFO     081.5%       3:20:36 /    4:06:14 /        0:45:39 / 0.1
2023-08-08 19:51:10,202 aeolis.model INFO     081.9%       3:21:36 /    4:06:04 /        0:44:28 / 0.1
2023-08-08 19:51:19,141 aeolis.model INFO     082.0%       3:21:45 /    4:06:02 /        0:44:17 / 0.0
2023-08-08 19:52:19,143 aeolis.model INFO     082.5%       3:22:45 /    4:05:50 /        0:43:05 / 0.1
2023-08-08 19:53:19,148 aeolis.model INFO     082.9%       3:23:45 /    4:05:40 /        0:41:56 / 0.1
2023-08-08 19:53:27,801 aeolis.model INFO     083.0%       3:23:53 /    4:05:39 /        0:41:46 / 0.0
2023-08-08 19:54:27,805 aeolis.model INFO     083.5%       3:24:53 /    4:05:27 /        0:40:34 / 0.1
2023-08-08 19:55:27,810 aeolis.model INFO     083.9%       3:25:53 /    4:05:17 /        0:39:23 / 0.1
2023-08-08 19:55:35,518 aeolis.model INFO     084.0%       3:26:01 /    4:05:16 /        0:39:15 / 0.1
2023-08-08 19:56:35,527 aeolis.model INFO     084.5%       3:27:01 /    4:05:05 /        0:38:04 / 0.1
2023-08-08 19:57:35,531 aeolis.model INFO     084.9%       3:28:01 /    4:04:58 /        0:36:57 / 0.1
2023-08-08 19:57:46,816 aeolis.model INFO     085.0%       3:28:12 /    4:04:57 /        0:36:45 / 0.0
2023-08-08 19:58:46,819 aeolis.model INFO     085.4%       3:29:12 /    4:04:59 /        0:35:46 / 0.1
2023-08-08 19:59:46,832 aeolis.model INFO     085.8%       3:30:13 /    4:05:04 /        0:34:52 / 0.0
2023-08-08 20:00:23,243 aeolis.model INFO     086.0%       3:30:49 /    4:05:08 /        0:34:19 / 0.1
2023-08-08 20:01:23,243 aeolis.model INFO     086.4%       3:31:49 /    4:05:05 /        0:33:16 / 0.1
2023-08-08 20:02:23,248 aeolis.model INFO     086.9%       3:32:49 /    4:05:00 /        0:32:11 / 0.1
2023-08-08 20:02:42,081 aeolis.model INFO     087.0%       3:33:08 /    4:04:59 /        0:31:51 / 0.0
2023-08-08 20:03:42,088 aeolis.model INFO     087.4%       3:34:08 /    4:04:53 /        0:30:45 / 0.1
2023-08-08 20:04:42,099 aeolis.model INFO     087.9%       3:35:08 /    4:04:51 /        0:29:43 / 0.1
2023-08-08 20:05:01,221 aeolis.model INFO     088.0%       3:35:27 /    4:04:50 /        0:29:23 / 0.0
2023-08-08 20:06:01,225 aeolis.model INFO     088.5%       3:36:27 /    4:04:41 /        0:28:14 / 0.1
2023-08-08 20:07:01,230 aeolis.model INFO     088.9%       3:37:27 /    4:04:33 /        0:27:06 / 0.1
2023-08-08 20:07:12,401 aeolis.model INFO     089.0%       3:37:38 /    4:04:32 /        0:26:54 / 0.0
2023-08-08 20:08:12,407 aeolis.model INFO     089.4%       3:38:38 /    4:04:26 /        0:25:48 / 0.1
2023-08-08 20:09:12,410 aeolis.model INFO     089.8%       3:39:38 /    4:04:29 /        0:24:51 / 0.1
2023-08-08 20:09:36,327 aeolis.model INFO     090.0%       3:40:02 /    4:04:29 /        0:24:27 / 0.1
2023-08-08 20:10:36,332 aeolis.model INFO     090.5%       3:41:02 /    4:04:19 /        0:23:17 / 0.1
2023-08-08 20:11:36,339 aeolis.model INFO     090.9%       3:42:02 /    4:04:08 /        0:22:06 / 0.1
2023-08-08 20:11:42,986 aeolis.model INFO     091.0%       3:42:09 /    4:04:07 /        0:21:58 / 0.1
2023-08-08 20:12:42,990 aeolis.model INFO     091.5%       3:43:09 /    4:03:57 /        0:20:48 / 0.1
2023-08-08 20:13:42,992 aeolis.model INFO     092.0%       3:44:09 /    4:03:45 /        0:19:36 / 0.1
2023-08-08 20:13:48,251 aeolis.model INFO     092.0%       3:44:14 /    4:03:44 /        0:19:30 / 0.1
2023-08-08 20:14:48,254 aeolis.model INFO     092.5%       3:45:14 /    4:03:33 /        0:18:19 / 0.1
2023-08-08 20:15:48,260 aeolis.model INFO     093.0%       3:46:14 /    4:03:22 /        0:17:09 / 0.1
2023-08-08 20:15:53,700 aeolis.model INFO     093.0%       3:46:19 /    4:03:21 /        0:17:02 / 0.0
2023-08-08 20:16:53,702 aeolis.model INFO     093.5%       3:47:19 /    4:03:11 /        0:15:52 / 0.1
2023-08-08 20:17:53,710 aeolis.model INFO     094.0%       3:48:19 /    4:03:01 /        0:14:42 / 0.1
2023-08-08 20:17:59,534 aeolis.model INFO     094.0%       3:48:25 /    4:03:00 /        0:14:35 / 0.0
2023-08-08 20:18:59,539 aeolis.model INFO     094.5%       3:49:25 /    4:02:50 /        0:13:25 / 0.1
2023-08-08 20:19:59,543 aeolis.model INFO     095.0%       3:50:25 /    4:02:40 /        0:12:15 / 0.1
2023-08-08 20:20:05,559 aeolis.model INFO     095.0%       3:50:31 /    4:02:39 /        0:12:08 / 0.1
2023-08-08 20:21:05,561 aeolis.model INFO     095.4%       3:51:31 /    4:02:37 /        0:11:06 / 0.1
2023-08-08 20:22:05,562 aeolis.model INFO     095.9%       3:52:31 /    4:02:28 /        0:09:57 / 0.1
2023-08-08 20:22:19,286 aeolis.model INFO     096.0%       3:52:45 /    4:02:27 /        0:09:42 / 0.1
2023-08-08 20:23:19,293 aeolis.model INFO     096.5%       3:53:45 /    4:02:19 /        0:08:34 / 0.1
2023-08-08 20:24:19,296 aeolis.model INFO     096.9%       3:54:45 /    4:02:09 /        0:07:24 / 0.1
2023-08-08 20:24:26,357 aeolis.model INFO     097.0%       3:54:52 /    4:02:08 /        0:07:16 / 0.1
2023-08-08 20:25:26,361 aeolis.model INFO     097.5%       3:55:52 /    4:01:58 /        0:06:06 / 0.1
2023-08-08 20:26:26,365 aeolis.model INFO     098.0%       3:56:52 /    4:01:49 /        0:04:57 / 0.1
2023-08-08 20:26:31,938 aeolis.model INFO     098.0%       3:56:58 /    4:01:48 /        0:04:50 / 0.0
2023-08-08 20:27:31,940 aeolis.model INFO     098.5%       3:57:58 /    4:01:39 /        0:03:41 / 0.1
2023-08-08 20:28:31,947 aeolis.model INFO     099.0%       3:58:58 /    4:01:28 /        0:02:31 / 0.1
2023-08-08 20:28:36,781 aeolis.model INFO     099.0%       3:59:02 /    4:01:27 /        0:02:25 / 0.1
2023-08-08 20:29:36,783 aeolis.model INFO     099.5%       4:00:02 /    4:01:16 /        0:01:14 / 0.1
2023-08-08 20:30:36,787 aeolis.model INFO     100.0%       4:01:02 /    4:01:04 /        0:00:02 / 0.1
2023-08-08 20:30:38,271 aeolis.model INFO     100.0%       4:01:04 /    4:01:04 /        0:00:00 / 0.0
2023-08-08 20:30:38,274 aeolis.model INFO     
2023-08-08 20:30:38,274 aeolis.model INFO     **********************************************************
2023-08-08 20:30:38,276 aeolis.model INFO     # time steps         : 1788000
2023-08-08 20:30:38,276 aeolis.model INFO     # matrix solves      : 3577974
2023-08-08 20:30:38,276 aeolis.model INFO     # supply lim         : 1787999
2023-08-08 20:30:38,277 aeolis.model INFO     avg. solves per step : 2.00
2023-08-08 20:30:38,277 aeolis.model INFO     avg. time step       : 0.050000
2023-08-08 20:30:38,278 aeolis.model INFO     **********************************************************
2023-08-08 20:30:38,279 aeolis.model INFO     
